<?xml version="1.0" encoding="UTF-8"?>
<testsuite name="CalculatorTest" tests="8" skipped="0" failures="0" errors="0" timestamp="2022-09-19T12:09:03" hostname="WATASHINOKONPYU" time="0.024">
  <properties/>
  <testcase name="testAdd()" classname="CalculatorTest" time="0.02"/>
  <testcase name="testSubtract()" classname="CalculatorTest" time="0.001"/>
  <testcase name="testAdd2()" classname="CalculatorTest" time="0.0"/>
  <testcase name="testMultiply2()" classname="CalculatorTest" time="0.0"/>
  <testcase name="testSubtract2()" classname="CalculatorTest" time="0.0"/>
  <testcase name="testDivide2()" classname="CalculatorTest" time="0.0"/>
  <testcase name="testDivide()" classname="CalculatorTest" time="0.0"/>
  <testcase name="testMultiply()" classname="CalculatorTest" time="0.0"/>
  <system-out><![CDATA[]]></system-out>
  <system-err><![CDATA[]]></system-err>
</testsuite>
